

*******************************************************************************
Mon Jul 17 22:50:35 2017


FIT:    data read from 'data.thermal.D1.dat'
        format = z
        #datapoints = 11
        residuals are weighted equally (unit weight)

function used for fitting: f(x)
	f(x) = a*log(x) + b
fitted parameters initialized with current variable values

iter      chisq       delta/lim  lambda   a             b            
   0 6.7321481176e+01   0.00e+00  2.99e+00    1.000000e+00   1.000000e+00
   4 3.5237283786e+01  -2.92e-06  2.99e-04    1.777097e+00  -1.811396e+00

After 4 iterations the fit converged.
final sum of squares of residuals : 35.2373
rel. change during last iteration : -2.91647e-11

degrees of freedom    (FIT_NDF)                        : 9
rms of residuals      (FIT_STDFIT) = sqrt(WSSR/ndf)    : 1.9787
variance of residuals (reduced chisquare) = WSSR/ndf   : 3.91525

Final set of parameters            Asymptotic Standard Error
=======================            ==========================
a               = 1.7771           +/- 0.2721       (15.31%)
b               = -1.8114          +/- 1.116        (61.61%)

correlation matrix of the fit parameters:
                a      b      
a               1.000 
b              -0.845  1.000 


*******************************************************************************
Mon Jul 17 22:51:43 2017


FIT:    data read from 'data.thermal.D2.dat'
        format = z
        #datapoints = 11
        residuals are weighted equally (unit weight)

function used for fitting: f(x)
	f(x) = a*log(x) + b
fitted parameters initialized with current variable values

iter      chisq       delta/lim  lambda   a             b            
   0 1.3615890709e+02   0.00e+00  5.31e+00    1.777097e+00  -1.811396e+00
   4 8.2009547707e+01  -1.09e-07  5.31e-04    2.472337e+00  -2.608351e+00

After 4 iterations the fit converged.
final sum of squares of residuals : 82.0095
rel. change during last iteration : -1.08926e-12

degrees of freedom    (FIT_NDF)                        : 9
rms of residuals      (FIT_STDFIT) = sqrt(WSSR/ndf)    : 3.01864
variance of residuals (reduced chisquare) = WSSR/ndf   : 9.11217

Final set of parameters            Asymptotic Standard Error
=======================            ==========================
a               = 2.47234          +/- 0.4152       (16.8%)
b               = -2.60835         +/- 1.703        (65.28%)

correlation matrix of the fit parameters:
                a      b      
a               1.000 
b              -0.845  1.000 


*******************************************************************************
Mon Jul 17 22:51:56 2017


FIT:    data read from 'data.thermal.D3.dat'
        format = z
        #datapoints = 11
        residuals are weighted equally (unit weight)

function used for fitting: f(x)
	f(x) = a*log(x) + b
fitted parameters initialized with current variable values

iter      chisq       delta/lim  lambda   a             b            
   0 1.5235427267e+02   0.00e+00  7.40e+00    2.472337e+00  -2.608351e+00
   3 1.0714506219e+02  -5.85e-01  7.40e-03    3.090164e+00  -3.240938e+00

After 3 iterations the fit converged.
final sum of squares of residuals : 107.145
rel. change during last iteration : -5.8506e-06

degrees of freedom    (FIT_NDF)                        : 9
rms of residuals      (FIT_STDFIT) = sqrt(WSSR/ndf)    : 3.45036
variance of residuals (reduced chisquare) = WSSR/ndf   : 11.905

Final set of parameters            Asymptotic Standard Error
=======================            ==========================
a               = 3.09016          +/- 0.4746       (15.36%)
b               = -3.24094         +/- 1.946        (60.05%)

correlation matrix of the fit parameters:
                a      b      
a               1.000 
b              -0.845  1.000 


*******************************************************************************
Wed Jul 19 19:56:39 2017


FIT:    data read from 'data.thermal.D1.dat'
        format = z
        #datapoints = 11
        residuals are weighted equally (unit weight)

function used for fitting: f(x)
	f(x) = a*log(x) + b
fitted parameters initialized with current variable values

iter      chisq       delta/lim  lambda   a             b            
   0 6.7321481176e+01   0.00e+00  2.99e+00    1.000000e+00   1.000000e+00
   4 3.5237283786e+01  -2.92e-06  2.99e-04    1.777097e+00  -1.811396e+00

After 4 iterations the fit converged.
final sum of squares of residuals : 35.2373
rel. change during last iteration : -2.91647e-11

degrees of freedom    (FIT_NDF)                        : 9
rms of residuals      (FIT_STDFIT) = sqrt(WSSR/ndf)    : 1.9787
variance of residuals (reduced chisquare) = WSSR/ndf   : 3.91525

Final set of parameters            Asymptotic Standard Error
=======================            ==========================
a               = 1.7771           +/- 0.2721       (15.31%)
b               = -1.8114          +/- 1.116        (61.61%)

correlation matrix of the fit parameters:
                a      b      
a               1.000 
b              -0.845  1.000 


*******************************************************************************
Wed Jul 19 19:58:17 2017


FIT:    data read from 'data.thermal.D1.dat'
        format = z
        #datapoints = 11
        residuals are weighted equally (unit weight)

function used for fitting: f(x)
	f(x) = a*log(x) + b
fitted parameters initialized with current variable values

iter      chisq       delta/lim  lambda   a             b            
   0 6.7321481176e+01   0.00e+00  2.99e+00    1.000000e+00   1.000000e+00
   4 3.5237283786e+01  -2.92e-06  2.99e-04    1.777097e+00  -1.811396e+00

After 4 iterations the fit converged.
final sum of squares of residuals : 35.2373
rel. change during last iteration : -2.91647e-11

degrees of freedom    (FIT_NDF)                        : 9
rms of residuals      (FIT_STDFIT) = sqrt(WSSR/ndf)    : 1.9787
variance of residuals (reduced chisquare) = WSSR/ndf   : 3.91525

Final set of parameters            Asymptotic Standard Error
=======================            ==========================
a               = 1.7771           +/- 0.2721       (15.31%)
b               = -1.8114          +/- 1.116        (61.61%)

correlation matrix of the fit parameters:
                a      b      
a               1.000 
b              -0.845  1.000 


*******************************************************************************
Wed Jul 19 20:01:15 2017


FIT:    data read from 'data.thermal.D1.dat'
        format = z
        #datapoints = 11
        residuals are weighted equally (unit weight)

function used for fitting: f(x)
	f(x) = exp(b)*x^a
fitted parameters initialized with current variable values



*******************************************************************************
Wed Jul 19 20:17:05 2017


FIT:    data read from 'data.thermal.D1.dat' using 1:3
        format = x:z
        #datapoints = 11
        residuals are weighted equally (unit weight)

function used for fitting: f(x)
	f(x) = a*log(x) + b
fitted parameters initialized with current variable values

iter      chisq       delta/lim  lambda   a             b            
   0 1.5082527227e+02   0.00e+00  2.99e+00    1.000000e+00   1.000000e+00
   4 1.1605694025e-03  -2.88e-02  2.99e-04    4.996562e-01  -8.024117e-01

After 4 iterations the fit converged.
final sum of squares of residuals : 0.00116057
rel. change during last iteration : -2.88488e-07

degrees of freedom    (FIT_NDF)                        : 9
rms of residuals      (FIT_STDFIT) = sqrt(WSSR/ndf)    : 0.0113557
variance of residuals (reduced chisquare) = WSSR/ndf   : 0.000128952

Final set of parameters            Asymptotic Standard Error
=======================            ==========================
a               = 0.499656         +/- 0.001562     (0.3125%)
b               = -0.802412        +/- 0.006405     (0.7982%)

correlation matrix of the fit parameters:
                a      b      
a               1.000 
b              -0.845  1.000 
